TN:
SF:controllers/companyAddressController.js
FN:37,(anonymous_0)
FN:91,(anonymous_1)
FN:150,(anonymous_2)
FN:204,(anonymous_3)
FNF:4
FNH:4
FNDA:2,(anonymous_0)
FNDA:1,(anonymous_1)
FNDA:2,(anonymous_2)
FNDA:2,(anonymous_3)
DA:1,2
DA:2,2
DA:37,2
DA:38,2
DA:39,2
DA:40,2
DA:41,2
DA:49,1
DA:51,1
DA:91,2
DA:92,1
DA:93,1
DA:94,1
DA:95,1
DA:96,1
DA:98,0
DA:101,0
DA:150,2
DA:151,2
DA:152,2
DA:153,2
DA:154,2
DA:158,2
DA:159,1
DA:160,1
DA:162,1
DA:165,0
DA:204,2
DA:205,2
DA:206,2
DA:207,2
DA:208,2
DA:209,1
DA:211,1
DA:214,0
DA:218,2
LF:36
LH:32
BRDA:95,0,0,1
BRDA:95,0,1,0
BRDA:158,1,0,1
BRDA:158,1,1,1
BRDA:208,2,0,1
BRDA:208,2,1,1
BRF:6
BRH:5
end_of_record
TN:
SF:controllers/companyController.js
FN:188,(anonymous_0)
FN:240,(anonymous_1)
FN:282,(anonymous_2)
FN:338,(anonymous_3)
FN:383,(anonymous_4)
FNF:5
FNH:5
FNDA:3,(anonymous_0)
FNDA:2,(anonymous_1)
FNDA:2,(anonymous_2)
FNDA:2,(anonymous_3)
FNDA:2,(anonymous_4)
DA:1,2
DA:2,2
DA:188,2
DA:189,3
DA:190,3
DA:193,3
DA:194,1
DA:197,2
DA:199,2
DA:200,1
DA:208,1
DA:211,2
DA:213,0
DA:214,0
DA:240,2
DA:241,2
DA:242,2
DA:243,1
DA:245,1
DA:282,2
DA:283,2
DA:284,2
DA:285,2
DA:289,2
DA:290,1
DA:292,1
DA:295,0
DA:338,2
DA:339,2
DA:340,2
DA:341,2
DA:342,2
DA:343,2
DA:344,1
DA:345,1
DA:347,1
DA:350,0
DA:383,2
DA:384,2
DA:385,2
DA:386,2
DA:387,2
DA:388,1
DA:390,1
DA:393,0
DA:397,2
LF:46
LH:41
BRDA:193,0,0,1
BRDA:193,0,1,2
BRDA:193,1,0,3
BRDA:193,1,1,3
BRDA:199,2,0,1
BRDA:199,2,1,1
BRDA:289,3,0,1
BRDA:289,3,1,1
BRDA:343,4,0,1
BRDA:343,4,1,1
BRDA:387,5,0,1
BRDA:387,5,1,1
BRF:12
BRH:12
end_of_record
TN:
SF:models/companyAddressModel.js
FNF:0
FNH:0
DA:1,0
DA:2,0
DA:4,0
DA:39,0
DA:41,0
LF:5
LH:0
BRF:0
BRH:0
end_of_record
TN:
SF:models/companyModel.js
FNF:0
FNH:0
DA:1,0
DA:2,0
DA:3,0
DA:5,0
DA:31,0
DA:32,0
DA:35,0
DA:37,0
LF:8
LH:0
BRF:0
BRH:0
end_of_record
TN:
SF:routes/companyRouter.js
FNF:0
FNH:0
DA:1,2
DA:2,2
DA:10,2
DA:17,2
DA:20,2
DA:22,2
DA:25,2
DA:28,2
DA:30,2
DA:33,2
DA:35,2
DA:38,2
DA:40,2
DA:42,2
LF:14
LH:14
BRF:0
BRH:0
end_of_record
